  Test_Collections.cpp
  Generating Code...
  Compiling...
  Test_Templates.cpp
  Test_Pointers.cpp
  Test_NewKeywords.cpp
d:\clouds\onedrive\github\-2016-std11-14-stl-nokiarecruit-\recollection_test\test_newkeywords.cpp(122): warning C4800: 'int': forcing value to bool 'true' or 'false' (performance warning)
  Test_Lambdas.cpp
  Test_Iterators.cpp
  Test_Functions.cpp
d:\clouds\onedrive\github\-2016-std11-14-stl-nokiarecruit-\recollection_test\test_functions.cpp(76): error C2039: 'dodaj': is not a member of 'Utils'
  d:\clouds\onedrive\github\-2016-std11-14-stl-nokiarecruit-\recollection_lib\utils.h(8): note: see declaration of 'Utils'
d:\clouds\onedrive\github\-2016-std11-14-stl-nokiarecruit-\recollection_test\test_functions.cpp(76): error C2065: 'dodaj': undeclared identifier
  Test_Friendship.cpp
  Generating Code...
  Skipping... (no relevant changes detected)
  Test_Inheritances.cpp
